<?xml version="1.0" encoding="UTF-8"?>
<testsuite xmlns:xsi="http://www.w3.org/2001/XMLSchema-instance" xsi:noNamespaceSchemaLocation="https://maven.apache.org/surefire/maven-surefire-plugin/xsd/surefire-test-report-3.0.xsd" version="3.0" name="org.eclipse.leshan.integration.tests.SecurityTest" time="46.197" tests="57" errors="0" skipped="0" failures="0">
  <properties>
[...]
</properties>
  <testcase name="registered_device_with_bad_psk_key_to_server_with_psk" classname="org.eclipse.leshan.integration.tests.SecurityTest" time="1.117"/>
  <testcase name="registered_device_with_rpk_to_server_with_rpk" classname="org.eclipse.leshan.integration.tests.SecurityTest" time="0.059"/>
  <testcase name="registered_device_with_x509cert_to_server_with_x509cert_selfsigned_certificate_usage_ca_selfsigned_server_cert_given" classname="org.eclipse.leshan.integration.tests.SecurityTest" time="1.027"/>
  <testcase name="registered_device_with_x509cert_to_server_with_x509cert_server_certificate_usage_ca_server_cert_wo_chain_given" classname="org.eclipse.leshan.integration.tests.SecurityTest" time="1.022"/>
  <testcase name="registered_device_with_psk_and_bad_endpoint_to_server_with_psk" classname="org.eclipse.leshan.integration.tests.SecurityTest" time="1.015"/>
  <testcase name="registered_device_with_psk_to_server_with_psk" classname="org.eclipse.leshan.integration.tests.SecurityTest" time="0.03"/>
  <testcase name="registered_device_with_x509cert_to_server_with_x509cert_selfsigned_certificate_usage_service_selfsigned_server_cert_given" classname="org.eclipse.leshan.integration.tests.SecurityTest" time="1.022"/>
  <testcase name="registered_device_with_rpk_to_server_with_rpk_then_remove_security_info" classname="org.eclipse.leshan.integration.tests.SecurityTest" time="2.079"/>
  <testcase name="registered_device_with_untrusted_x509cert_to_server_with_x509cert" classname="org.eclipse.leshan.integration.tests.SecurityTest" time="1.043"/>
  <testcase name="registered_device_with_bad_rpk_to_server_with_rpk_" classname="org.eclipse.leshan.integration.tests.SecurityTest" time="1.036"/>
  <testcase name="registered_device_with_x509cert_to_server_with_x509cert_server_certificate_usage_service_server_cert_wo_chain_given" classname="org.eclipse.leshan.integration.tests.SecurityTest" time="1.05"/>
  <testcase name="registered_device_with_x509cert_to_server_with_x509cert_rootca_certificate_usage_domain_other_server_cert_given" classname="org.eclipse.leshan.integration.tests.SecurityTest" time="1.025"/>
  <testcase name="registered_device_with_x509cert_to_server_with_x509cert_rootca_certificate_usage_domain" classname="org.eclipse.leshan.integration.tests.SecurityTest" time="0.081"/>
  <testcase name="register_update_deregister_reregister_device_with_psk_to_server_with_psk" classname="org.eclipse.leshan.integration.tests.SecurityTest" time="1.76"/>
  <testcase name="registered_device_with_x509cert_to_server_with_x509cert_rootca_certificate_usage_domain_root_ca_given" classname="org.eclipse.leshan.integration.tests.SecurityTest" time="1.051"/>
  <testcase name="registered_device_with_empty_truststore_with_x509cert_to_server_with_x509cert_rootca_certificate_usage_ca_intca_given" classname="org.eclipse.leshan.integration.tests.SecurityTest" time="1.053"/>
  <testcase name="registered_device_with_x509cert_to_server_with_x509cert_rootca_certificate_usage_domain_selfsigned_server_cert_given" classname="org.eclipse.leshan.integration.tests.SecurityTest" time="1.052"/>
  <testcase name="register_update_reregister_device_with_psk_to_server_with_psk" classname="org.eclipse.leshan.integration.tests.SecurityTest" time="2.272"/>
  <testcase name="nonunique_psk_identity" classname="org.eclipse.leshan.integration.tests.SecurityTest" time="0.007"/>
  <testcase name="registered_device_with_selfsigned_x509cert_to_server_with_x509cert" classname="org.eclipse.leshan.integration.tests.SecurityTest" time="1.023"/>
  <testcase name="registered_device_with_x509cert_to_server_with_x509cert_rootca_certificate_taa_domain_root_ca_given" classname="org.eclipse.leshan.integration.tests.SecurityTest" time="0.05"/>
  <testcase name="registered_device_with_x509cert_to_server_with_x509cert_rootca_certificate_usage_service_selfsigned_server_cert_given" classname="org.eclipse.leshan.integration.tests.SecurityTest" time="1.023"/>
  <testcase name="registered_device_with_x509cert_to_server_with_x509cert_rootca_certificate_usage_ca_other_server_cert_given" classname="org.eclipse.leshan.integration.tests.SecurityTest" time="1.025"/>
  <testcase name="dont_sent_request_if_identity_change" classname="org.eclipse.leshan.integration.tests.SecurityTest" time="0.043"/>
  <testcase name="registered_device_with_oscore_to_server_with_oscore_then_removed_security_info_then_client_fails_to_update" classname="org.eclipse.leshan.integration.tests.SecurityTest" time="0.025"/>
  <testcase name="registered_device_with_rpk_and_bad_endpoint_to_server_with_rpk" classname="org.eclipse.leshan.integration.tests.SecurityTest" time="1.025"/>
  <testcase name="change_psk_identity_cleanup" classname="org.eclipse.leshan.integration.tests.SecurityTest" time="0.015"/>
  <testcase name="registered_device_with_x509cert_to_server_with_x509cert_rootca_certificate_usage_taa" classname="org.eclipse.leshan.integration.tests.SecurityTest" time="1.022"/>
  <testcase name="registered_device_with_x509cert_to_server_with_x509cert_selfsigned_certificate_usage_taa_selfsigned_server_cert_given" classname="org.eclipse.leshan.integration.tests.SecurityTest" time="1.032"/>
  <testcase name="registered_device_with_x509cert_to_server_with_x509cert_rootca_certificate_ca_domain_root_ca_given" classname="org.eclipse.leshan.integration.tests.SecurityTest" time="0.039"/>
  <testcase name="registered_device_with_x509cert_to_server_with_x509cert_rootca_certificate_usage_ca_selfsigned_server_cert_given" classname="org.eclipse.leshan.integration.tests.SecurityTest" time="1.03"/>
  <testcase name="registered_device_with_x509cert_to_server_with_x509cert_rootca_certificate_usage_ca_intca_given" classname="org.eclipse.leshan.integration.tests.SecurityTest" time="0.04"/>
  <testcase name="registered_device_with_x509cert_to_server_with_rpk" classname="org.eclipse.leshan.integration.tests.SecurityTest" time="1.022"/>
  <testcase name="registered_device_with_x509cert_to_server_with_x509cert_rootca_certificate_usage_taa_intca_given" classname="org.eclipse.leshan.integration.tests.SecurityTest" time="0.039"/>
  <testcase name="registered_device_with_x509cert_to_server_with_x509cert_rootca_certificate_usage_taa_other_server_cert_given" classname="org.eclipse.leshan.integration.tests.SecurityTest" time="1.022"/>
  <testcase name="registered_device_with_rpk_to_server_with_x509cert" classname="org.eclipse.leshan.integration.tests.SecurityTest" time="0.037"/>
  <testcase name="registered_device_with_x509cert_to_server_with_x509cert" classname="org.eclipse.leshan.integration.tests.SecurityTest" time="0.034"/>
  <testcase name="registered_device_with_x509cert_to_server_with_x509cert_server_certificate_usage_taa_server_cert_wo_chain_given" classname="org.eclipse.leshan.integration.tests.SecurityTest" time="1.023"/>
  <testcase name="registered_device_with_x509cert_to_server_with_x509cert_then_remove_security_info" classname="org.eclipse.leshan.integration.tests.SecurityTest" time="2.428"/>
  <testcase name="server_initiates_dtls_handshake" classname="org.eclipse.leshan.integration.tests.SecurityTest" time="0.049"/>
  <testcase name="registered_device_with_x509cert_to_server_with_x509cert_rootca_certificate_usage_service" classname="org.eclipse.leshan.integration.tests.SecurityTest" time="0.039"/>
  <testcase name="registered_device_with_x509cert_to_server_with_x509cert_rootca_certificate_usage_taa_selfsigned_server_cert_given" classname="org.eclipse.leshan.integration.tests.SecurityTest" time="1.024"/>
  <testcase name="registered_device_with_x509cert_and_bad_endpoint_to_server_with_x509cert" classname="org.eclipse.leshan.integration.tests.SecurityTest" time="1.04"/>
  <testcase name="registered_device_with_x509cert_to_server_with_x509cert_selfsigned_certificate_usage_domain_selfsigned_server_cert_given" classname="org.eclipse.leshan.integration.tests.SecurityTest" time="0.065"/>
  <testcase name="registered_device_with_bad_psk_identity_to_server_with_psk" classname="org.eclipse.leshan.integration.tests.SecurityTest" time="1.016"/>
  <testcase name="registered_device_with_x509cert_to_server_with_x509cert_rootca_certificate_usage_ca" classname="org.eclipse.leshan.integration.tests.SecurityTest" time="1.018"/>
  <testcase name="registered_device_with_psk_identity_to_server_with_psk_then_remove_security_info" classname="org.eclipse.leshan.integration.tests.SecurityTest" time="2.528"/>
  <testcase name="registered_device_with_x509cert_to_server_with_x509cert_server_certificate_usage_domain_server_cert_wo_chain_given" classname="org.eclipse.leshan.integration.tests.SecurityTest" time="0.038"/>
  <testcase name="registered_device_with_x509cert_to_server_with_x509cert_rootca_certificate_service_domain_root_ca_given" classname="org.eclipse.leshan.integration.tests.SecurityTest" time="1.02"/>
  <testcase name="registered_device_with_x509cert_to_server_with_self_signed_x509cert" classname="org.eclipse.leshan.integration.tests.SecurityTest" time="0.068"/>
  <testcase name="server_does_not_initiate_dtls_handshake_with_queue_mode" classname="org.eclipse.leshan.integration.tests.SecurityTest" time="1.022"/>
  <testcase name="registered_device_with_oscore_to_server_with_oscore_then_removed_security_info_then_server_fails_to_send_request" classname="org.eclipse.leshan.integration.tests.SecurityTest" time="0.549"/>
  <testcase name="registered_device_with_x509cert_and_bad_cn_certificate_to_server_with_x509cert" classname="org.eclipse.leshan.integration.tests.SecurityTest" time="1.02"/>
  <testcase name="registered_device_with_oscore_to_server_with_oscore" classname="org.eclipse.leshan.integration.tests.SecurityTest" time="0.02"/>
  <testcase name="registered_device_with_x509cert_to_server_with_x509cert_rootca_certificate_usage_service_other_server_cert_given" classname="org.eclipse.leshan.integration.tests.SecurityTest" time="1.024"/>
  <testcase name="registered_device_with_x509cert_and_bad_private_key_to_server_with_x509cert" classname="org.eclipse.leshan.integration.tests.SecurityTest" time="1.025"/>
  <testcase name="server_initiates_dtls_handshake_timeout" classname="org.eclipse.leshan.integration.tests.SecurityTest" time="1.83"/>
</testsuite>