<?xml version="1.0" encoding="UTF-8"?>
<testsuite xmlns:xsi="http://www.w3.org/2001/XMLSchema-instance" xsi:noNamespaceSchemaLocation="https://maven.apache.org/surefire/maven-surefire-plugin/xsd/surefire-test-report-3.0.xsd" version="3.0" name="org.eclipse.leshan.integration.tests.write.WriteSingleValueTest" time="1.088" tests="88" errors="0" skipped="0" failures="0">
  <properties>
[...]
</properties>
  <testcase name="can_write_single_instance_objlnk_resource[TEXT(0)]" classname="org.eclipse.leshan.integration.tests.write.WriteSingleValueTest" time="0.066"/>
  <testcase name="can_write_single_instance_objlnk_resource[SENML_JSON(110)]" classname="org.eclipse.leshan.integration.tests.write.WriteSingleValueTest" time="0.079"/>
  <testcase name="can_write_single_instance_objlnk_resource[TLV(11542)]" classname="org.eclipse.leshan.integration.tests.write.WriteSingleValueTest" time="0.047"/>
  <testcase name="can_write_single_instance_objlnk_resource[JSON(11543)]" classname="org.eclipse.leshan.integration.tests.write.WriteSingleValueTest" time="0.045"/>
  <testcase name="can_write_single_instance_objlnk_resource[SENML_CBOR(112)]" classname="org.eclipse.leshan.integration.tests.write.WriteSingleValueTest" time="0.039"/>
  <testcase name="can_write_single_instance_objlnk_resource[CBOR(60)]" classname="org.eclipse.leshan.integration.tests.write.WriteSingleValueTest" time="0.053"/>
  <testcase name="can_write_single_instance_objlnk_resource[UNKNOWN(1543)]" classname="org.eclipse.leshan.integration.tests.write.WriteSingleValueTest" time="0.055"/>
  <testcase name="can_write_single_instance_objlnk_resource[UNKNOWN(1542)]" classname="org.eclipse.leshan.integration.tests.write.WriteSingleValueTest" time="0.039"/>
  <testcase name="write_time_resource[SENML_CBOR(112)]" classname="org.eclipse.leshan.integration.tests.write.WriteSingleValueTest" time="0.094"/>
  <testcase name="write_time_resource[UNKNOWN(1542)]" classname="org.eclipse.leshan.integration.tests.write.WriteSingleValueTest" time="0.096"/>
  <testcase name="write_time_resource[JSON(11543)]" classname="org.eclipse.leshan.integration.tests.write.WriteSingleValueTest" time="0.104"/>
  <testcase name="write_time_resource[TLV(11542)]" classname="org.eclipse.leshan.integration.tests.write.WriteSingleValueTest" time="0.105"/>
  <testcase name="write_time_resource[CBOR(60)]" classname="org.eclipse.leshan.integration.tests.write.WriteSingleValueTest" time="0.097"/>
  <testcase name="write_time_resource[UNKNOWN(1543)]" classname="org.eclipse.leshan.integration.tests.write.WriteSingleValueTest" time="0.118"/>
  <testcase name="write_time_resource[TEXT(0)]" classname="org.eclipse.leshan.integration.tests.write.WriteSingleValueTest" time="0.09"/>
  <testcase name="write_time_resource[SENML_JSON(110)]" classname="org.eclipse.leshan.integration.tests.write.WriteSingleValueTest" time="0.083"/>
  <testcase name="can_write_string_resource_instance[SENML_CBOR(112)]" classname="org.eclipse.leshan.integration.tests.write.WriteSingleValueTest" time="0.064"/>
  <testcase name="can_write_string_resource_instance[UNKNOWN(1542)]" classname="org.eclipse.leshan.integration.tests.write.WriteSingleValueTest" time="0.048"/>
  <testcase name="can_write_string_resource_instance[JSON(11543)]" classname="org.eclipse.leshan.integration.tests.write.WriteSingleValueTest" time="0.048"/>
  <testcase name="can_write_string_resource_instance[CBOR(60)]" classname="org.eclipse.leshan.integration.tests.write.WriteSingleValueTest" time="0.051"/>
  <testcase name="can_write_string_resource_instance[TEXT(0)]" classname="org.eclipse.leshan.integration.tests.write.WriteSingleValueTest" time="0.049"/>
  <testcase name="can_write_string_resource_instance[TLV(11542)]" classname="org.eclipse.leshan.integration.tests.write.WriteSingleValueTest" time="0.034"/>
  <testcase name="can_write_string_resource_instance[SENML_JSON(110)]" classname="org.eclipse.leshan.integration.tests.write.WriteSingleValueTest" time="0.048"/>
  <testcase name="can_write_string_resource_instance[UNKNOWN(1543)]" classname="org.eclipse.leshan.integration.tests.write.WriteSingleValueTest" time="0.057"/>
  <testcase name="send_writerequest_asynchronously_with_bad_payload_raises_codeexception[UNKNOWN(1542)]" classname="org.eclipse.leshan.integration.tests.write.WriteSingleValueTest" time="0.039"/>
  <testcase name="send_writerequest_asynchronously_with_bad_payload_raises_codeexception[TLV(11542)]" classname="org.eclipse.leshan.integration.tests.write.WriteSingleValueTest" time="0.041"/>
  <testcase name="send_writerequest_asynchronously_with_bad_payload_raises_codeexception[SENML_CBOR(112)]" classname="org.eclipse.leshan.integration.tests.write.WriteSingleValueTest" time="0.039"/>
  <testcase name="send_writerequest_asynchronously_with_bad_payload_raises_codeexception[JSON(11543)]" classname="org.eclipse.leshan.integration.tests.write.WriteSingleValueTest" time="0.037"/>
  <testcase name="send_writerequest_asynchronously_with_bad_payload_raises_codeexception[TEXT(0)]" classname="org.eclipse.leshan.integration.tests.write.WriteSingleValueTest" time="0.038"/>
  <testcase name="send_writerequest_asynchronously_with_bad_payload_raises_codeexception[CBOR(60)]" classname="org.eclipse.leshan.integration.tests.write.WriteSingleValueTest" time="0.042"/>
  <testcase name="send_writerequest_asynchronously_with_bad_payload_raises_codeexception[SENML_JSON(110)]" classname="org.eclipse.leshan.integration.tests.write.WriteSingleValueTest" time="0.036"/>
  <testcase name="write_float_resource[UNKNOWN(1542)]" classname="org.eclipse.leshan.integration.tests.write.WriteSingleValueTest" time="0.042"/>
  <testcase name="write_float_resource[TLV(11542)]" classname="org.eclipse.leshan.integration.tests.write.WriteSingleValueTest" time="0.049"/>
  <testcase name="send_writerequest_asynchronously_with_bad_payload_raises_codeexception[UNKNOWN(1543)]" classname="org.eclipse.leshan.integration.tests.write.WriteSingleValueTest" time="0.055"/>
  <testcase name="write_float_resource[JSON(11543)]" classname="org.eclipse.leshan.integration.tests.write.WriteSingleValueTest" time="0.049"/>
  <testcase name="write_float_resource[SENML_CBOR(112)]" classname="org.eclipse.leshan.integration.tests.write.WriteSingleValueTest" time="0.046"/>
  <testcase name="write_float_resource[TEXT(0)]" classname="org.eclipse.leshan.integration.tests.write.WriteSingleValueTest" time="0.046"/>
  <testcase name="write_float_resource[CBOR(60)]" classname="org.eclipse.leshan.integration.tests.write.WriteSingleValueTest" time="0.076"/>
  <testcase name="write_float_resource[SENML_JSON(110)]" classname="org.eclipse.leshan.integration.tests.write.WriteSingleValueTest" time="0.062"/>
  <testcase name="write_integer_resource[UNKNOWN(1542)]" classname="org.eclipse.leshan.integration.tests.write.WriteSingleValueTest" time="0.041"/>
  <testcase name="write_integer_resource[TLV(11542)]" classname="org.eclipse.leshan.integration.tests.write.WriteSingleValueTest" time="0.057"/>
  <testcase name="write_integer_resource[SENML_CBOR(112)]" classname="org.eclipse.leshan.integration.tests.write.WriteSingleValueTest" time="0.059"/>
  <testcase name="write_integer_resource[JSON(11543)]" classname="org.eclipse.leshan.integration.tests.write.WriteSingleValueTest" time="0.066"/>
  <testcase name="write_float_resource[UNKNOWN(1543)]" classname="org.eclipse.leshan.integration.tests.write.WriteSingleValueTest" time="0.053"/>
  <testcase name="write_integer_resource[TEXT(0)]" classname="org.eclipse.leshan.integration.tests.write.WriteSingleValueTest" time="0.048"/>
  <testcase name="write_corelnk_resource[UNKNOWN(1542)]" classname="org.eclipse.leshan.integration.tests.write.WriteSingleValueTest" time="0.057"/>
  <testcase name="write_integer_resource[SENML_JSON(110)]" classname="org.eclipse.leshan.integration.tests.write.WriteSingleValueTest" time="0.072"/>
  <testcase name="write_integer_resource[CBOR(60)]" classname="org.eclipse.leshan.integration.tests.write.WriteSingleValueTest" time="0.058"/>
  <testcase name="write_corelnk_resource[TEXT(0)]" classname="org.eclipse.leshan.integration.tests.write.WriteSingleValueTest" time="0.063"/>
  <testcase name="write_corelnk_resource[TLV(11542)]" classname="org.eclipse.leshan.integration.tests.write.WriteSingleValueTest" time="0.07"/>
  <testcase name="write_integer_resource[UNKNOWN(1543)]" classname="org.eclipse.leshan.integration.tests.write.WriteSingleValueTest" time="0.058"/>
  <testcase name="write_corelnk_resource[SENML_CBOR(112)]" classname="org.eclipse.leshan.integration.tests.write.WriteSingleValueTest" time="0.069"/>
  <testcase name="write_corelnk_resource[JSON(11543)]" classname="org.eclipse.leshan.integration.tests.write.WriteSingleValueTest" time="0.054"/>
  <testcase name="write_boolean_resource[UNKNOWN(1542)]" classname="org.eclipse.leshan.integration.tests.write.WriteSingleValueTest" time="0.069"/>
  <testcase name="write_corelnk_resource[SENML_JSON(110)]" classname="org.eclipse.leshan.integration.tests.write.WriteSingleValueTest" time="0.061"/>
  <testcase name="write_corelnk_resource[CBOR(60)]" classname="org.eclipse.leshan.integration.tests.write.WriteSingleValueTest" time="0.063"/>
  <testcase name="write_corelnk_resource[UNKNOWN(1543)]" classname="org.eclipse.leshan.integration.tests.write.WriteSingleValueTest" time="0.056"/>
  <testcase name="write_boolean_resource[TEXT(0)]" classname="org.eclipse.leshan.integration.tests.write.WriteSingleValueTest" time="0.058"/>
  <testcase name="write_boolean_resource[TLV(11542)]" classname="org.eclipse.leshan.integration.tests.write.WriteSingleValueTest" time="0.053"/>
  <testcase name="write_boolean_resource[JSON(11543)]" classname="org.eclipse.leshan.integration.tests.write.WriteSingleValueTest" time="0.048"/>
  <testcase name="write_boolean_resource[SENML_CBOR(112)]" classname="org.eclipse.leshan.integration.tests.write.WriteSingleValueTest" time="0.052"/>
  <testcase name="send_writerequest_synchronously_with_bad_payload_raises_codeexception[UNKNOWN(1542)]" classname="org.eclipse.leshan.integration.tests.write.WriteSingleValueTest" time="0.044"/>
  <testcase name="write_boolean_resource[SENML_JSON(110)]" classname="org.eclipse.leshan.integration.tests.write.WriteSingleValueTest" time="0.053"/>
  <testcase name="write_boolean_resource[CBOR(60)]" classname="org.eclipse.leshan.integration.tests.write.WriteSingleValueTest" time="0.044"/>
  <testcase name="send_writerequest_synchronously_with_bad_payload_raises_codeexception[JSON(11543)]" classname="org.eclipse.leshan.integration.tests.write.WriteSingleValueTest" time="0.028"/>
  <testcase name="write_boolean_resource[UNKNOWN(1543)]" classname="org.eclipse.leshan.integration.tests.write.WriteSingleValueTest" time="0.043"/>
  <testcase name="send_writerequest_synchronously_with_bad_payload_raises_codeexception[TEXT(0)]" classname="org.eclipse.leshan.integration.tests.write.WriteSingleValueTest" time="0.037"/>
  <testcase name="send_writerequest_synchronously_with_bad_payload_raises_codeexception[TLV(11542)]" classname="org.eclipse.leshan.integration.tests.write.WriteSingleValueTest" time="0.534"/>
  <testcase name="send_writerequest_synchronously_with_bad_payload_raises_codeexception[SENML_CBOR(112)]" classname="org.eclipse.leshan.integration.tests.write.WriteSingleValueTest" time="0.032"/>
  <testcase name="write_unsigned_integer_resource[UNKNOWN(1542)]" classname="org.eclipse.leshan.integration.tests.write.WriteSingleValueTest" time="0.033"/>
  <testcase name="write_unsigned_integer_resource[JSON(11543)]" classname="org.eclipse.leshan.integration.tests.write.WriteSingleValueTest" time="0.037"/>
  <testcase name="send_writerequest_synchronously_with_bad_payload_raises_codeexception[CBOR(60)]" classname="org.eclipse.leshan.integration.tests.write.WriteSingleValueTest" time="0.533"/>
  <testcase name="write_unsigned_integer_resource[TEXT(0)]" classname="org.eclipse.leshan.integration.tests.write.WriteSingleValueTest" time="0.033"/>
  <testcase name="send_writerequest_synchronously_with_bad_payload_raises_codeexception[SENML_JSON(110)]" classname="org.eclipse.leshan.integration.tests.write.WriteSingleValueTest" time="0.029"/>
  <testcase name="send_writerequest_synchronously_with_bad_payload_raises_codeexception[UNKNOWN(1543)]" classname="org.eclipse.leshan.integration.tests.write.WriteSingleValueTest" time="0.033"/>
  <testcase name="write_unsigned_integer_resource[SENML_CBOR(112)]" classname="org.eclipse.leshan.integration.tests.write.WriteSingleValueTest" time="0.035"/>
  <testcase name="write_string_resource[UNKNOWN(1542)]" classname="org.eclipse.leshan.integration.tests.write.WriteSingleValueTest" time="0.033"/>
  <testcase name="write_string_resource[JSON(11543)]" classname="org.eclipse.leshan.integration.tests.write.WriteSingleValueTest" time="0.045"/>
  <testcase name="write_unsigned_integer_resource[SENML_JSON(110)]" classname="org.eclipse.leshan.integration.tests.write.WriteSingleValueTest" time="0.035"/>
  <testcase name="write_string_resource[TEXT(0)]" classname="org.eclipse.leshan.integration.tests.write.WriteSingleValueTest" time="0.036"/>
  <testcase name="write_unsigned_integer_resource[UNKNOWN(1543)]" classname="org.eclipse.leshan.integration.tests.write.WriteSingleValueTest" time="0.036"/>
  <testcase name="write_string_resource[SENML_CBOR(112)]" classname="org.eclipse.leshan.integration.tests.write.WriteSingleValueTest" time="0.035"/>
  <testcase name="write_string_resource[SENML_JSON(110)]" classname="org.eclipse.leshan.integration.tests.write.WriteSingleValueTest" time="0.027"/>
  <testcase name="write_string_resource[UNKNOWN(1543)]" classname="org.eclipse.leshan.integration.tests.write.WriteSingleValueTest" time="0.023"/>
  <testcase name="write_unsigned_integer_resource[TLV(11542)]" classname="org.eclipse.leshan.integration.tests.write.WriteSingleValueTest" time="0.062"/>
  <testcase name="write_unsigned_integer_resource[CBOR(60)]" classname="org.eclipse.leshan.integration.tests.write.WriteSingleValueTest" time="0.043"/>
  <testcase name="write_string_resource[TLV(11542)]" classname="org.eclipse.leshan.integration.tests.write.WriteSingleValueTest" time="0.023"/>
  <testcase name="write_string_resource[CBOR(60)]" classname="org.eclipse.leshan.integration.tests.write.WriteSingleValueTest" time="0.022"/>
</testsuite>