<?xml version="1.0" encoding="UTF-8"?>
<testsuite xmlns:xsi="http://www.w3.org/2001/XMLSchema-instance" xsi:noNamespaceSchemaLocation="https://maven.apache.org/surefire/maven-surefire-plugin/xsd/surefire-test-report-3.0.xsd" version="3.0" name="org.eclipse.leshan.integration.tests.SecurityTest" time="46.322" tests="57" errors="0" skipped="0" failures="0">
  <properties>
[...]
</properties>
  <testcase name="registered_device_with_bad_psk_key_to_server_with_psk" classname="org.eclipse.leshan.integration.tests.SecurityTest" time="1.075"/>
  <testcase name="registered_device_with_rpk_to_server_with_rpk" classname="org.eclipse.leshan.integration.tests.SecurityTest" time="0.045"/>
  <testcase name="registered_device_with_x509cert_to_server_with_x509cert_selfsigned_certificate_usage_ca_selfsigned_server_cert_given" classname="org.eclipse.leshan.integration.tests.SecurityTest" time="1.033"/>
  <testcase name="registered_device_with_x509cert_to_server_with_x509cert_server_certificate_usage_ca_server_cert_wo_chain_given" classname="org.eclipse.leshan.integration.tests.SecurityTest" time="1.023"/>
  <testcase name="registered_device_with_psk_and_bad_endpoint_to_server_with_psk" classname="org.eclipse.leshan.integration.tests.SecurityTest" time="1.02"/>
  <testcase name="registered_device_with_psk_to_server_with_psk" classname="org.eclipse.leshan.integration.tests.SecurityTest" time="0.038"/>
  <testcase name="registered_device_with_x509cert_to_server_with_x509cert_selfsigned_certificate_usage_service_selfsigned_server_cert_given" classname="org.eclipse.leshan.integration.tests.SecurityTest" time="1.028"/>
  <testcase name="registered_device_with_rpk_to_server_with_rpk_then_remove_security_info" classname="org.eclipse.leshan.integration.tests.SecurityTest" time="2.147"/>
  <testcase name="registered_device_with_untrusted_x509cert_to_server_with_x509cert" classname="org.eclipse.leshan.integration.tests.SecurityTest" time="1.058"/>
  <testcase name="registered_device_with_bad_rpk_to_server_with_rpk_" classname="org.eclipse.leshan.integration.tests.SecurityTest" time="1.054"/>
  <testcase name="registered_device_with_x509cert_to_server_with_x509cert_server_certificate_usage_service_server_cert_wo_chain_given" classname="org.eclipse.leshan.integration.tests.SecurityTest" time="1.056"/>
  <testcase name="registered_device_with_x509cert_to_server_with_x509cert_rootca_certificate_usage_domain_other_server_cert_given" classname="org.eclipse.leshan.integration.tests.SecurityTest" time="1.041"/>
  <testcase name="registered_device_with_x509cert_to_server_with_x509cert_rootca_certificate_usage_domain" classname="org.eclipse.leshan.integration.tests.SecurityTest" time="0.073"/>
  <testcase name="register_update_deregister_reregister_device_with_psk_to_server_with_psk" classname="org.eclipse.leshan.integration.tests.SecurityTest" time="1.76"/>
  <testcase name="registered_device_with_x509cert_to_server_with_x509cert_rootca_certificate_usage_domain_root_ca_given" classname="org.eclipse.leshan.integration.tests.SecurityTest" time="1.052"/>
  <testcase name="registered_device_with_empty_truststore_with_x509cert_to_server_with_x509cert_rootca_certificate_usage_ca_intca_given" classname="org.eclipse.leshan.integration.tests.SecurityTest" time="1.055"/>
  <testcase name="registered_device_with_x509cert_to_server_with_x509cert_rootca_certificate_usage_domain_selfsigned_server_cert_given" classname="org.eclipse.leshan.integration.tests.SecurityTest" time="1.025"/>
  <testcase name="register_update_reregister_device_with_psk_to_server_with_psk" classname="org.eclipse.leshan.integration.tests.SecurityTest" time="2.276"/>
  <testcase name="nonunique_psk_identity" classname="org.eclipse.leshan.integration.tests.SecurityTest" time="0.027"/>
  <testcase name="registered_device_with_selfsigned_x509cert_to_server_with_x509cert" classname="org.eclipse.leshan.integration.tests.SecurityTest" time="1.035"/>
  <testcase name="registered_device_with_x509cert_to_server_with_x509cert_rootca_certificate_taa_domain_root_ca_given" classname="org.eclipse.leshan.integration.tests.SecurityTest" time="0.044"/>
  <testcase name="registered_device_with_x509cert_to_server_with_x509cert_rootca_certificate_usage_service_selfsigned_server_cert_given" classname="org.eclipse.leshan.integration.tests.SecurityTest" time="1.023"/>
  <testcase name="registered_device_with_x509cert_to_server_with_x509cert_rootca_certificate_usage_ca_other_server_cert_given" classname="org.eclipse.leshan.integration.tests.SecurityTest" time="1.053"/>
  <testcase name="dont_sent_request_if_identity_change" classname="org.eclipse.leshan.integration.tests.SecurityTest" time="0.064"/>
  <testcase name="registered_device_with_oscore_to_server_with_oscore_then_removed_security_info_then_client_fails_to_update" classname="org.eclipse.leshan.integration.tests.SecurityTest" time="0.03"/>
  <testcase name="registered_device_with_rpk_and_bad_endpoint_to_server_with_rpk" classname="org.eclipse.leshan.integration.tests.SecurityTest" time="1.023"/>
  <testcase name="change_psk_identity_cleanup" classname="org.eclipse.leshan.integration.tests.SecurityTest" time="0.029"/>
  <testcase name="registered_device_with_x509cert_to_server_with_x509cert_rootca_certificate_usage_taa" classname="org.eclipse.leshan.integration.tests.SecurityTest" time="1.03"/>
  <testcase name="registered_device_with_x509cert_to_server_with_x509cert_selfsigned_certificate_usage_taa_selfsigned_server_cert_given" classname="org.eclipse.leshan.integration.tests.SecurityTest" time="1.049"/>
  <testcase name="registered_device_with_x509cert_to_server_with_x509cert_rootca_certificate_ca_domain_root_ca_given" classname="org.eclipse.leshan.integration.tests.SecurityTest" time="0.083"/>
  <testcase name="registered_device_with_x509cert_to_server_with_x509cert_rootca_certificate_usage_ca_selfsigned_server_cert_given" classname="org.eclipse.leshan.integration.tests.SecurityTest" time="1.023"/>
  <testcase name="registered_device_with_x509cert_to_server_with_x509cert_rootca_certificate_usage_ca_intca_given" classname="org.eclipse.leshan.integration.tests.SecurityTest" time="0.056"/>
  <testcase name="registered_device_with_x509cert_to_server_with_rpk" classname="org.eclipse.leshan.integration.tests.SecurityTest" time="1.024"/>
  <testcase name="registered_device_with_x509cert_to_server_with_x509cert_rootca_certificate_usage_taa_intca_given" classname="org.eclipse.leshan.integration.tests.SecurityTest" time="0.06"/>
  <testcase name="registered_device_with_x509cert_to_server_with_x509cert_rootca_certificate_usage_taa_other_server_cert_given" classname="org.eclipse.leshan.integration.tests.SecurityTest" time="1.023"/>
  <testcase name="registered_device_with_rpk_to_server_with_x509cert" classname="org.eclipse.leshan.integration.tests.SecurityTest" time="0.071"/>
  <testcase name="registered_device_with_x509cert_to_server_with_x509cert" classname="org.eclipse.leshan.integration.tests.SecurityTest" time="0.038"/>
  <testcase name="registered_device_with_x509cert_to_server_with_x509cert_server_certificate_usage_taa_server_cert_wo_chain_given" classname="org.eclipse.leshan.integration.tests.SecurityTest" time="1.025"/>
  <testcase name="registered_device_with_x509cert_to_server_with_x509cert_then_remove_security_info" classname="org.eclipse.leshan.integration.tests.SecurityTest" time="2.566"/>
  <testcase name="server_initiates_dtls_handshake" classname="org.eclipse.leshan.integration.tests.SecurityTest" time="0.058"/>
  <testcase name="registered_device_with_x509cert_to_server_with_x509cert_rootca_certificate_usage_service" classname="org.eclipse.leshan.integration.tests.SecurityTest" time="0.043"/>
  <testcase name="registered_device_with_x509cert_to_server_with_x509cert_rootca_certificate_usage_taa_selfsigned_server_cert_given" classname="org.eclipse.leshan.integration.tests.SecurityTest" time="1.022"/>
  <testcase name="registered_device_with_x509cert_and_bad_endpoint_to_server_with_x509cert" classname="org.eclipse.leshan.integration.tests.SecurityTest" time="1.031"/>
  <testcase name="registered_device_with_x509cert_to_server_with_x509cert_selfsigned_certificate_usage_domain_selfsigned_server_cert_given" classname="org.eclipse.leshan.integration.tests.SecurityTest" time="0.06"/>
  <testcase name="registered_device_with_bad_psk_identity_to_server_with_psk" classname="org.eclipse.leshan.integration.tests.SecurityTest" time="1.019"/>
  <testcase name="registered_device_with_x509cert_to_server_with_x509cert_rootca_certificate_usage_ca" classname="org.eclipse.leshan.integration.tests.SecurityTest" time="1.052"/>
  <testcase name="registered_device_with_psk_identity_to_server_with_psk_then_remove_security_info" classname="org.eclipse.leshan.integration.tests.SecurityTest" time="2.082"/>
  <testcase name="registered_device_with_x509cert_to_server_with_x509cert_server_certificate_usage_domain_server_cert_wo_chain_given" classname="org.eclipse.leshan.integration.tests.SecurityTest" time="0.056"/>
  <testcase name="registered_device_with_x509cert_to_server_with_x509cert_rootca_certificate_service_domain_root_ca_given" classname="org.eclipse.leshan.integration.tests.SecurityTest" time="1.029"/>
  <testcase name="registered_device_with_x509cert_to_server_with_self_signed_x509cert" classname="org.eclipse.leshan.integration.tests.SecurityTest" time="0.067"/>
  <testcase name="server_does_not_initiate_dtls_handshake_with_queue_mode" classname="org.eclipse.leshan.integration.tests.SecurityTest" time="1.023"/>
  <testcase name="registered_device_with_oscore_to_server_with_oscore_then_removed_security_info_then_server_fails_to_send_request" classname="org.eclipse.leshan.integration.tests.SecurityTest" time="0.557"/>
  <testcase name="registered_device_with_x509cert_and_bad_cn_certificate_to_server_with_x509cert" classname="org.eclipse.leshan.integration.tests.SecurityTest" time="1.049"/>
  <testcase name="registered_device_with_oscore_to_server_with_oscore" classname="org.eclipse.leshan.integration.tests.SecurityTest" time="0.026"/>
  <testcase name="registered_device_with_x509cert_to_server_with_x509cert_rootca_certificate_usage_service_other_server_cert_given" classname="org.eclipse.leshan.integration.tests.SecurityTest" time="1.023"/>
  <testcase name="registered_device_with_x509cert_and_bad_private_key_to_server_with_x509cert" classname="org.eclipse.leshan.integration.tests.SecurityTest" time="1.026"/>
  <testcase name="server_initiates_dtls_handshake_timeout" classname="org.eclipse.leshan.integration.tests.SecurityTest" time="1.86"/>
</testsuite>